** Drc report for rf_pa_300w.kicad_pcb **
** Created on 2026-06-29T19:02:04 **
** Report includes: Errors, Warnings **

** Found 48 DRC violations **
[lib_footprint_issues]: The current configuration does not include the footprint library 'Resistor_THT'
    Local override; warning
    @(65.0000 mm, 30.0000 mm): Footprint R3
[lib_footprint_issues]: The current configuration does not include the footprint library 'Inductor_THT'
    Local override; warning
    @(65.0000 mm, 15.0000 mm): Footprint L1
[lib_footprint_issues]: The current configuration does not include the footprint library 'Capacitor_SMD'
    Local override; warning
    @(30.0000 mm, 15.0000 mm): Footprint C4
[lib_footprint_issues]: The current configuration does not include the footprint library 'Diode_THT'
    Local override; warning
    @(30.0000 mm, 8.0000 mm): Footprint D1
[lib_footprint_issues]: The current configuration does not include the footprint library 'Capacitor_SMD'
    Local override; warning
    @(18.0000 mm, 12.0000 mm): Footprint C2
[lib_footprint_issues]: The current configuration does not include the footprint library 'TerminalBlock'
    Local override; warning
    @(5.0000 mm, 5.0000 mm): Footprint J1
[lib_footprint_issues]: The current configuration does not include the footprint library 'TerminalBlock'
    Local override; warning
    @(5.0000 mm, 45.0000 mm): Footprint J3
[lib_footprint_issues]: The current configuration does not include the footprint library 'Connector_Coaxial'
    Local override; warning
    @(72.0000 mm, 42.0000 mm): Footprint J2
[lib_footprint_issues]: The current configuration does not include the footprint library 'Capacitor_SMD'
    Local override; warning
    @(72.0000 mm, 22.0000 mm): Footprint C6
[lib_footprint_issues]: The current configuration does not include the footprint library 'Resistor_SMD'
    Local override; warning
    @(48.0000 mm, 25.0000 mm): Footprint R2
[lib_footprint_issues]: The current configuration does not include the footprint library 'Capacitor_THT'
    Local override; warning
    @(18.0000 mm, 5.0000 mm): Footprint C1
[lib_footprint_issues]: The current configuration does not include the footprint library 'Package_SOIC'
    Local override; warning
    @(40.0000 mm, 20.0000 mm): Footprint U1
[lib_footprint_issues]: The current configuration does not include the footprint library 'Package_TO_SOT_THT'
    Local override; warning
    @(58.0000 mm, 15.0000 mm): Footprint Q1
[lib_footprint_issues]: The current configuration does not include the footprint library 'Diode_THT'
    Local override; warning
    @(39.0000 mm, 15.0000 mm): Footprint D2
[lib_footprint_issues]: The current configuration does not include the footprint library 'Diode_THT'
    Local override; warning
    @(39.0000 mm, 25.0000 mm): Footprint D3
[lib_footprint_issues]: The current configuration does not include the footprint library 'Capacitor_SMD'
    Local override; warning
    @(18.0000 mm, 45.0000 mm): Footprint C3
[lib_footprint_issues]: The current configuration does not include the footprint library 'Inductor_THT'
    Local override; warning
    @(72.0000 mm, 15.0000 mm): Footprint L2
[lib_footprint_issues]: The current configuration does not include the footprint library 'Capacitor_SMD'
    Local override; warning
    @(65.0000 mm, 22.0000 mm): Footprint C5
[lib_footprint_issues]: The current configuration does not include the footprint library 'Package_TO_SOT_THT'
    Local override; warning
    @(58.0000 mm, 25.0000 mm): Footprint Q2
[lib_footprint_issues]: The current configuration does not include the footprint library 'Connector_PinHeader_2.54mm'
    Local override; warning
    @(5.0000 mm, 25.0000 mm): Footprint J4
[lib_footprint_issues]: The current configuration does not include the footprint library 'Resistor_SMD'
    Local override; warning
    @(48.0000 mm, 15.0000 mm): Footprint R1
[silk_overlap]: Silkscreen clearance
    Rule: board setup constraints silk; warning
    @(40.0000 mm, 17.0000 mm): Reference field of U1
    @(42.0000 mm, 17.0000 mm): Segment of D2 on F.Silkscreen
[silk_overlap]: Silkscreen clearance
    Rule: board setup constraints silk; warning
    @(43.0000 mm, 22.0000 mm): Segment of U1 on F.Silkscreen
    @(39.0000 mm, 22.0000 mm): Reference field of D3
[silk_over_copper]: Silkscreen clipped by solder mask
    Local override; warning
    @(62.0000 mm, 32.0000 mm): Segment of R3 on F.Silkscreen
    @(62.4600 mm, 30.0000 mm): PTH pad 1 [/TANK_OUT] of R3
[silk_over_copper]: Silkscreen clipped by solder mask
    Local override; warning
    @(55.0000 mm, 27.0000 mm): Segment of Q2 on F.Silkscreen
    @(55.4600 mm, 25.0000 mm): PTH pad 1 [/GATE2] of Q2
[silk_over_copper]: Silkscreen clipped by solder mask
    Local override; warning
    @(61.0000 mm, 23.0000 mm): Segment of Q2 on F.Silkscreen
    @(60.5400 mm, 25.0000 mm): PTH pad 3 [GND] of Q2
[silk_over_copper]: Silkscreen clipped by solder mask
    Local override; warning
    @(75.0000 mm, 13.0000 mm): Segment of L2 on F.Silkscreen
    @(74.5400 mm, 15.0000 mm): PTH pad 2 [/TANK_OUT] of L2
[silk_over_copper]: Silkscreen clipped by solder mask
    Local override; warning
    @(68.0000 mm, 28.0000 mm): Segment of R3 on F.Silkscreen
    @(67.5400 mm, 30.0000 mm): PTH pad 2 [GND] of R3
[silk_over_copper]: Silkscreen clipped by solder mask
    Local override; warning
    @(69.0000 mm, 44.0000 mm): Segment of J2 on F.Silkscreen
    @(69.4600 mm, 42.0000 mm): PTH pad 2 [GND] of J2
[silk_over_copper]: Silkscreen clipped by solder mask
    Local override; warning
    @(37.0000 mm, 18.0000 mm): Segment of U1 on F.Silkscreen
    @(38.0900 mm, 18.0900 mm): Pad 1 [VB] of U1 on F.Cu
[silk_over_copper]: Silkscreen clipped by solder mask
    Local override; warning
    @(37.0000 mm, 18.0000 mm): Segment of U1 on F.Silkscreen
    @(41.9100 mm, 18.0900 mm): Pad 8 [/LIN] of U1 on F.Cu
[silk_over_copper]: Silkscreen clipped by solder mask
    Local override; warning
    @(43.0000 mm, 22.0000 mm): Segment of U1 on F.Silkscreen
    @(38.0900 mm, 21.9100 mm): Pad 4 [GND] of U1 on F.Cu
[silk_over_copper]: Silkscreen clipped by solder mask
    Local override; warning
    @(43.0000 mm, 22.0000 mm): Segment of U1 on F.Silkscreen
    @(41.9100 mm, 21.9100 mm): Pad 5 [/LO_NET] of U1 on F.Cu
[silk_over_copper]: Silkscreen clipped by solder mask
    Local override; warning
    @(39.0000 mm, 22.0000 mm): Reference field of D3
    @(38.0900 mm, 21.9100 mm): Pad 4 [GND] of U1 on F.Cu
[silk_over_copper]: Silkscreen clipped by solder mask
    Local override; warning
    @(45.0000 mm, 25.0000 mm): Reference field of R2
    @(44.0800 mm, 25.0000 mm): PTH pad 2 [/GATE2] of D3
[silk_over_copper]: Silkscreen clipped by solder mask
    Local override; warning
    @(45.0000 mm, 15.0000 mm): Reference field of R1
    @(44.0800 mm, 15.0000 mm): PTH pad 2 [/GATE1] of D2
[silk_over_copper]: Silkscreen clipped by solder mask
    Local override; warning
    @(33.0000 mm, 13.0000 mm): Segment of C4 on F.Silkscreen
    @(33.9200 mm, 15.0000 mm): PTH pad 1 [/HO_NET] of D2
[silk_over_copper]: Silkscreen clipped by solder mask
    Local override; warning
    @(15.0000 mm, 7.0000 mm): Segment of C1 on F.Silkscreen
    @(15.5000 mm, 5.0000 mm): PTH pad 1 [+72V5] of C1
[silk_over_copper]: Silkscreen clipped by solder mask
    Local override; warning
    @(21.0000 mm, 3.0000 mm): Segment of C1 on F.Silkscreen
    @(20.5000 mm, 5.0000 mm): PTH pad 2 [GND] of C1
[silk_over_copper]: Silkscreen clipped by solder mask
    Local override; warning
    @(2.0000 mm, 47.0000 mm): Segment of J3 on F.Silkscreen
    @(2.4600 mm, 45.0000 mm): PTH pad 1 [VCC] of J3
[silk_over_copper]: Silkscreen clipped by solder mask
    Local override; warning
    @(8.0000 mm, 43.0000 mm): Segment of J3 on F.Silkscreen
    @(7.5400 mm, 45.0000 mm): PTH pad 2 [GND] of J3
[silk_over_copper]: Silkscreen clipped by solder mask
    Local override; warning
    @(2.0000 mm, 7.0000 mm): Segment of J1 on F.Silkscreen
    @(2.4600 mm, 5.0000 mm): PTH pad 1 [+72V5] of J1
[silk_over_copper]: Silkscreen clipped by solder mask
    Local override; warning
    @(8.0000 mm, 3.0000 mm): Segment of J1 on F.Silkscreen
    @(7.5400 mm, 5.0000 mm): PTH pad 2 [GND] of J1
[silk_over_copper]: Silkscreen clipped by solder mask
    Local override; warning
    @(68.0000 mm, 13.0000 mm): Segment of L1 on F.Silkscreen
    @(67.5400 mm, 15.0000 mm): PTH pad 2 [/MID] of L1
[silk_over_copper]: Silkscreen clipped by solder mask
    Local override; warning
    @(61.0000 mm, 13.0000 mm): Segment of Q1 on F.Silkscreen
    @(60.5400 mm, 15.0000 mm): PTH pad 3 [/MID] of Q1
[silk_over_copper]: Silkscreen clipped by solder mask
    Local override; warning
    @(55.0000 mm, 17.0000 mm): Segment of Q1 on F.Silkscreen
    @(55.4600 mm, 15.0000 mm): PTH pad 1 [/GATE1] of Q1
[silk_over_copper]: Silkscreen clipped by solder mask
    Local override; warning
    @(62.0000 mm, 17.0000 mm): Segment of L1 on F.Silkscreen
    @(62.4600 mm, 15.0000 mm): PTH pad 1 [/TANK_OUT] of L1
[silk_over_copper]: Silkscreen clipped by solder mask
    Local override; warning
    @(69.0000 mm, 17.0000 mm): Segment of L2 on F.Silkscreen
    @(69.4600 mm, 15.0000 mm): PTH pad 1 [/RF_OUT] of L2

** Found 0 unconnected pads **

** Found 0 Footprint errors **

** Ignored checks **
    - Footprint has no courtyard defined
    - Track endpoint not centered on via
    - Tuning profile track geometries
    - Footprint doesn't match symbol's footprint filters
    - Footprint component type doesn't match footprint pads

** End of Report **
